d:\dev\visual studio\projects\modmenu\src\x64\debug\vc143.pdb
d:\dev\visual studio\projects\modmenu\src\x64\debug\vc143.idb
d:\dev\visual studio\projects\modmenu\src\x64\debug\kiero.obj
d:\dev\visual studio\projects\modmenu\src\x64\debug\imgui_widgets.obj
d:\dev\visual studio\projects\modmenu\src\x64\debug\imgui_tables.obj
d:\dev\visual studio\projects\modmenu\src\x64\debug\imgui_impl_win32.obj
d:\dev\visual studio\projects\modmenu\src\x64\debug\imgui_impl_dx11.obj
d:\dev\visual studio\projects\modmenu\src\x64\debug\imgui_draw.obj
d:\dev\visual studio\projects\modmenu\src\x64\debug\imgui_demo.obj
d:\dev\visual studio\projects\modmenu\src\x64\debug\imgui.obj
d:\dev\visual studio\projects\modmenu\src\x64\debug\dllmain.obj
d:\dev\visual studio\projects\modmenu\src\x64\debug\trampoline.obj
d:\dev\visual studio\projects\modmenu\src\x64\debug\hook.obj
d:\dev\visual studio\projects\modmenu\src\x64\debug\hde64.obj
d:\dev\visual studio\projects\modmenu\src\x64\debug\hde32.obj
d:\dev\visual studio\projects\modmenu\src\x64\debug\buffer.obj
d:\dev\visual studio\projects\modmenu\x64\debug\src.dll
d:\dev\visual studio\projects\modmenu\x64\debug\src.pdb
d:\dev\visual studio\projects\modmenu\src\x64\debug\minhook.res
d:\dev\visual studio\projects\modmenu\src\x64\debug\src.ilk
d:\dev\visual studio\projects\modmenu\src\x64\debug\src.tlog\cl.command.1.tlog
d:\dev\visual studio\projects\modmenu\src\x64\debug\src.tlog\cl.items.tlog
d:\dev\visual studio\projects\modmenu\src\x64\debug\src.tlog\cl.read.1.tlog
d:\dev\visual studio\projects\modmenu\src\x64\debug\src.tlog\cl.write.1.tlog
d:\dev\visual studio\projects\modmenu\src\x64\debug\src.tlog\link.command.1.tlog
d:\dev\visual studio\projects\modmenu\src\x64\debug\src.tlog\link.read.1.tlog
d:\dev\visual studio\projects\modmenu\src\x64\debug\src.tlog\link.secondary.1.tlog
d:\dev\visual studio\projects\modmenu\src\x64\debug\src.tlog\link.write.1.tlog
d:\dev\visual studio\projects\modmenu\src\x64\debug\src.tlog\rc.command.1.tlog
d:\dev\visual studio\projects\modmenu\src\x64\debug\src.tlog\rc.read.1.tlog
d:\dev\visual studio\projects\modmenu\src\x64\debug\src.tlog\rc.write.1.tlog
